<?xml version="1.0" encoding="UTF-8"?>
<!-- Generated by org.testng.reporters.JUnitReportReporter -->
<testsuite hostname="ATHS-DELL" failures="0" tests="1" name="com.Swag_Labs.Test.cartTest" time="5.262" errors="0" timestamp="2021-12-07T07:20:02 CST" skipped="0">
  <testcase classname="com.Swag_Labs.Test.cartTest" name="Verify_Cart" time="5.262"/>
  <system-out>
    <![CDATA[Asserted selected items and items in the cart are same
Asserted selected items and items in the cart are same]]>
  </system-out>
</testsuite> <!-- com.Swag_Labs.Test.cartTest -->
